<?xml version="1.0"?>
<!DOCTYPE Repository
          PUBLIC "-//The Apache Software Foundation//DTD Jackrabbit 2.4//EN"
          "http://jackrabbit.apache.org/dtd/repository-2.4.dtd">
<Repository>
  <!--
    virtual file system where the repository stores global state (e.g. registered namespaces, custom node types, etc.)
  -->
  <FileSystem class="org.apache.jackrabbit.core.fs.local.LocalFileSystem">
    <param name="path" value="${rep.home}/repository" />
  </FileSystem>

  <!--
    security configuration
  -->
  <Security appName="Jackrabbit">
    <!--
      access manager:
      class: FQN of class implementing the AccessManager interface
    -->
    <AccessManager class="org.silverpeas.sandbox.jee7test.jcr.security.JcrAccessManager" />
    <LoginModule class="org.silverpeas.sandbox.jee7test.jcr.security.JcrLoginModule">
    </LoginModule>
  </Security>

  <!--
    location of workspaces root directory and name of default workspace
  -->
  <Workspaces rootPath="${rep.home}/workspaces" defaultWorkspace="jee7test" />
  <!--
    workspace configuration template:
    used to create the initial workspace if there's no workspace yet
  -->
  <Workspace name="${wsp.name}">
    <!--
      virtual file system of the workspace: class: FQN of class implementing the FileSystem interface
    -->
    <FileSystem class="org.apache.jackrabbit.core.fs.local.LocalFileSystem">
      <param name="path" value="${wsp.home}" />
    </FileSystem>
    <!--
      persistence manager of the workspace: class: FQN of class implementing the PersistenceManager interface
    -->
    <PersistenceManager class="org.apache.jackrabbit.core.persistence.pool.H2PersistenceManager">
      <param name="driver" value="javax.naming.InitialContext"/>
      <param name="url" value="java:/datasources/DocumentStore"/>
      <param name="schema" value="h2" />
      <param name="schemaObjectPrefix" value="JCR_" />
    </PersistenceManager>
    <!--
      Search index and the file system it uses. class: FQN of class implementing the QueryHandler interface
    -->
    <SearchIndex class="org.apache.jackrabbit.core.query.lucene.SearchIndex">
      <param name="path" value="${wsp.home}/index" />
      <param name="extractorPoolSize" value="2" />
      <param name="supportHighlighting" value="true" />
    </SearchIndex>
  </Workspace>

  <!--
    Configures the versioning
  -->
  <Versioning rootPath="${rep.home}/version">
    <!--
      Configures the filesystem to use for versioning for the respective
      persistence manager
    -->
    <FileSystem class="org.apache.jackrabbit.core.fs.local.LocalFileSystem">
      <param name="path" value="${rep.home}/version" />
    </FileSystem>
  
    <PersistenceManager class="org.apache.jackrabbit.core.persistence.pool.H2PersistenceManager">
      <param name="driver" value="javax.naming.InitialContext"/>
      <param name="url" value="java:/datasources/DocumentStore"/>
      <param name="schemaObjectPrefix" value="version_" />
    </PersistenceManager>
  </Versioning>

  <!--
    Search index for content that is shared repository wide (/jcr:system tree, contains mainly versions)
  -->
  <SearchIndex class="org.apache.jackrabbit.core.query.lucene.SearchIndex">
    <param name="path" value="${rep.home}/repository/index" />
       <param name="extractorPoolSize " value="2" />
    <param name="supportHighlighting" value="true" />
  </SearchIndex>
  <DataStore class="org.apache.jackrabbit.core.data.FileDataStore">
    <param name="path" value="${rep.home}/repository/datastore" />
    <param name="minRecordLength" value="100" />
  </DataStore>
</Repository>